<?xml version="1.0" encoding="UTF-8"?>
<testsuite xmlns:xsi="http://www.w3.org/2001/XMLSchema-instance" xsi:noNamespaceSchemaLocation="https://maven.apache.org/surefire/maven-surefire-plugin/xsd/surefire-test-report.xsd" name="sovellus.SaastolaskuriTest" time="47.318" tests="7" errors="0" skipped="0" failures="2">
  <properties>
[...]
</properties>
  <testcase name="tallennuksenKertymanLaskeminenMinimiarvolla" classname="sovellus.SaastolaskuriTest" time="5.67">
    <failure message="Kertymän näyttö ei ole oikein kun tallennuksen kertymistä tarkastellaan kuukausittaisella minimitallennuksella (25 / kk)." type="java.lang.AssertionError">java.lang.AssertionError: Kertymän näyttö ei ole oikein kun tallennuksen kertymistä tarkastellaan kuukausittaisella minimitallennuksella (25 / kk).
	at sovellus.SaastolaskuriTest.tarkasteleKaavionViivoja(SaastolaskuriTest.java:334)
	at sovellus.SaastolaskuriTest.tallennuksenKertymanLaskeminenMinimiarvolla(SaastolaskuriTest.java:221)
</failure>
    <system-out><![CDATA[25.0
300.0
]]></system-out>
  </testcase>
  <testcase name="tallennuksenKertymanLaskeminenMaksimiarvolla" classname="sovellus.SaastolaskuriTest" time="16.655">
    <failure message="Kertymän näyttö ei ole oikein kun tallennuksen kertymistä tarkastellaan kuukausittaisella maksimitallennuksella (250 / kk)." type="java.lang.AssertionError">java.lang.AssertionError: Kertymän näyttö ei ole oikein kun tallennuksen kertymistä tarkastellaan kuukausittaisella maksimitallennuksella (250 / kk).
	at sovellus.SaastolaskuriTest.tarkasteleKaavionViivoja(SaastolaskuriTest.java:334)
	at sovellus.SaastolaskuriTest.tallennuksenKertymanLaskeminenMaksimiarvolla(SaastolaskuriTest.java:233)
</failure>
    <system-out><![CDATA[25.0
300.0
]]></system-out>
  </testcase>
  <testcase name="koronLaskeminenMaksimitalletuksellaJaMaksimiKorolla" classname="sovellus.SaastolaskuriTest" time="18.483"/>
  <testcase name="kayttoliittymanYlaosaTest" classname="sovellus.SaastolaskuriTest" time="0.401"/>
  <testcase name="kayttoliittymanPaaAsettelunaBorderPaneTest" classname="sovellus.SaastolaskuriTest" time="0.415"/>
  <testcase name="koronLaskeminenMinimitalletuksellaJaMaksimiKorolla" classname="sovellus.SaastolaskuriTest" time="4.987"/>
  <testcase name="kayttoliittymanViivakaavioTest" classname="sovellus.SaastolaskuriTest" time="0.386"/>
</testsuite>